
[Sat Jan 24 22:43:04 2026] System boot completed
[Sat Jan 24 22:43:04 2026] HERON terminal started
[Sat Jan 24 22:43:10 2026] CMD: help
[Sat Jan 24 22:43:16 2026] CMD: status
[Sat Jan 24 22:43:26 2026] CMD: coords
[Sat Jan 24 22:51:03 2026] CMD: modelgui
[Sat Jan 24 22:51:10 2026] CMD: exit
[Sat Jan 24 22:51:10 2026] System shutdown
[Sun Jan 25 12:00:21 2026] System boot completed
[Sun Jan 25 12:00:22 2026] HERON terminal started
[Sun Jan 25 12:00:29 2026] CMD: help
[Sun Jan 25 12:00:42 2026] CMD: status
[Sun Jan 25 12:00:50 2026] CMD: modelgui
[Sun Jan 25 12:01:46 2026] CMD: last
[Sun Jan 25 12:01:51 2026] CMD: uptime
[Sun Jan 25 12:03:26 2026] CMD: exit
[Sun Jan 25 12:03:26 2026] System shutdown
[Sun Jan 25 12:40:50 2026] System boot completed
[Sun Jan 25 12:40:50 2026] HERON terminal started
[Sun Jan 25 12:40:54 2026] CMD: status
[Sun Jan 25 12:41:00 2026] CMD: coords
[Sun Jan 25 12:41:04 2026] CMD: mode
[Sun Jan 25 12:41:11 2026] CMD: modelgui
[Sun Jan 25 13:15:13 2026] System boot completed
[Sun Jan 25 13:15:14 2026] HERON terminal started
[Sun Jan 25 13:15:19 2026] CMD: status
[Sun Jan 25 13:15:25 2026] CMD: coords
[Sun Jan 25 13:15:29 2026] CMD: mode
[Sun Jan 25 13:15:41 2026] CMD: modelgui
[Sun Jan 25 13:16:56 2026] CMD: exit
[Sun Jan 25 13:16:56 2026] System shutdown
